<?xml version="1.0" encoding="UTF-8"?>
<!-- Generated by org.testng.reporters.JUnitReportReporter -->
<testsuite skipped="0" hostname="user-PC" name="com.mycompany.app.EditLeadsInfo" tests="1" failures="0" timestamp="06 Jun 2018 17:42:37 GMT" time="16.065" errors="0">
  <testcase name="howToEditTableData" time="16.065" classname="com.mycompany.app.EditLeadsInfo"/>
</testsuite> <!-- com.mycompany.app.EditLeadsInfo -->
