<?xml version="1.0" encoding="UTF-8"?>
<!-- Generated by org.testng.reporters.JUnitReportReporter -->
<testsuite skipped="0" hostname="user-PC" name="com.mycompany.app.TableEx" tests="1" failures="0" timestamp="06 Jun 2018 13:30:31 GMT" time="13.932" errors="0">
  <testcase name="howToReadTableData" time="13.932" classname="com.mycompany.app.TableEx"/>
</testsuite> <!-- com.mycompany.app.TableEx -->
