<?xml version="1.0" encoding="UTF-8"?>
<!-- Generated by org.testng.reporters.JUnitReportReporter -->
<testsuite skipped="0" hostname="user-PC" name="propertiesFileSelenium.Logout" tests="1" failures="0" timestamp="15 Jun 2018 17:38:44 GMT" time="0.005" errors="0">
  <testcase name="logoutTest" time="0.005" classname="propertiesFileSelenium.Logout"/>
</testsuite> <!-- propertiesFileSelenium.Logout -->
