<?xml version="1.0" encoding="UTF-8"?>
<!-- Generated by org.testng.reporters.JUnitReportReporter -->
<testsuite skipped="0" hostname="user-PC" name="com.mycompany.app.VerifyLeadsInfo" tests="1" failures="0" timestamp="06 Jun 2018 08:25:20 GMT" time="13.100" errors="0">
  <testcase name="testVerifyLeads" time="13.100" classname="com.mycompany.app.VerifyLeadsInfo"/>
</testsuite> <!-- com.mycompany.app.VerifyLeadsInfo -->
