<?xml version="1.0" encoding="UTF-8"?>
<!-- Generated by org.testng.reporters.JUnitReportReporter -->
<testsuite skipped="0" hostname="user-PC" name="propertiesFileSelenium.Login" tests="1" failures="0" timestamp="28 Jun 2018 10:18:20 GMT" time="0.005" errors="0">
  <testcase name="loginTest" time="0.005" classname="propertiesFileSelenium.Login"/>
</testsuite> <!-- propertiesFileSelenium.Login -->
