<?xml version="1.0" encoding="UTF-8"?>
<!-- Generated by org.testng.reporters.JUnitReportReporter -->
<testsuite skipped="0" hostname="user-PC" name="com.mycompany.app.Login" tests="1" failures="0" timestamp="07 Jun 2018 06:56:40 GMT" time="7.233" errors="0">
  <testcase name="testLogin" time="7.233" classname="com.mycompany.app.Login"/>
</testsuite> <!-- com.mycompany.app.Login -->
