<?xml version="1.0" encoding="UTF-8"?>
<!-- Generated by org.testng.reporters.JUnitReportReporter -->
<testsuite skipped="0" hostname="user-PC" name="com.mycompany.app.ImageComparison" tests="1" failures="0" timestamp="29 Jun 2018 03:32:12 GMT" time="4.426" errors="0">
  <testcase name="testImageCompare" time="4.426" classname="com.mycompany.app.ImageComparison"/>
</testsuite> <!-- com.mycompany.app.ImageComparison -->
