<?xml version="1.0" encoding="UTF-8"?>
<!-- Generated by org.testng.reporters.JUnitReportReporter -->
<testsuite skipped="0" hostname="user-PC" name="com.mycompany.app.CreateLeads" tests="1" failures="0" timestamp="06 Jun 2018 08:02:44 GMT" time="23.019" errors="0">
  <testcase name="testCreateLeads" time="23.019" classname="com.mycompany.app.CreateLeads"/>
</testsuite> <!-- com.mycompany.app.CreateLeads -->
