<?xml version="1.0" encoding="UTF-8"?>
<!-- Generated by org.testng.reporters.JUnitReportReporter -->
<testsuite skipped="0" hostname="user-PC" name="com.mycompany.app.DeleteLeads" tests="1" failures="0" timestamp="06 Jun 2018 17:54:02 GMT" time="72.413" errors="0">
  <testcase name="howToDeleteTableData" time="72.413" classname="com.mycompany.app.DeleteLeads"/>
</testsuite> <!-- com.mycompany.app.DeleteLeads -->
