<?xml version="1.0" encoding="UTF-8"?>
<!-- Generated by org.testng.reporters.JUnitReportReporter -->
<testsuite skipped="0" hostname="user-PC" name="com.mycompany.app.AppiumTest" tests="2" failures="0" timestamp="07 Feb 2018 18:27:49 GMT" time="0.000" errors="0">
  <testcase name="mobbrowserAutomation" time="0.000" classname="com.mycompany.app.AppiumTest"/>
  <testcase name="mobelementsUi" time="0.000" classname="com.mycompany.app.AppiumTest"/>
</testsuite> <!-- com.mycompany.app.AppiumTest -->
